Epoch: [33][1260/1307]  Time  0.190 ( 0.199)  Data  0.001 ( 0.011)  Loss 1.4720e+00 (1.9254e+00)  Acc@1  75.00 ( 40.19)  Acc@5 100.00 ( 76.32)
Epoch: [33][1270/1307]  Time  0.202 ( 0.199)  Data  0.000 ( 0.011)  Loss 2.3738e+00 (1.9266e+00)  Acc@1  25.00 ( 40.15)  Acc@5  62.50 ( 76.28)
Epoch: [33][1280/1307]  Time  0.192 ( 0.199)  Data  0.000 ( 0.011)  Loss 1.8947e+00 (1.9265e+00)  Acc@1  37.50 ( 40.12)  Acc@5 100.00 ( 76.30)
Epoch: [33][1290/1307]  Time  0.202 ( 0.199)  Data  0.000 ( 0.011)  Loss 1.7458e+00 (1.9273e+00)  Acc@1  37.50 ( 40.09)  Acc@5  87.50 ( 76.30)
Epoch: [33][1300/1307]  Time  0.199 ( 0.199)  Data  0.000 ( 0.011)  Loss 1.7372e+00 (1.9278e+00)  Acc@1  37.50 ( 40.04)  Acc@5  75.00 ( 76.24)
Epoch: [33] completed, elapsed time 260.655 seconds
Test: [  0/142]  Time  0.383 ( 0.383)  Loss 2.5831e+00 (2.5831e+00)  Acc@1  12.50 ( 12.50)  Acc@5  62.50 ( 62.50)
Test: [ 10/142]  Time  0.140 ( 0.135)  Loss 1.5815e+00 (1.7216e+00)  Acc@1  75.00 ( 53.41)  Acc@5  87.50 ( 84.09)
Test: [ 20/142]  Time  0.098 ( 0.125)  Loss 1.7551e+00 (1.6838e+00)  Acc@1  50.00 ( 53.57)  Acc@5  62.50 ( 82.74)
Test: [ 30/142]  Time  0.061 ( 0.121)  Loss 1.5604e+00 (1.6814e+00)  Acc@1  62.50 ( 54.44)  Acc@5  62.50 ( 81.85)
Test: [ 40/142]  Time  0.057 ( 0.115)  Loss 2.6217e+00 (1.8588e+00)  Acc@1   0.00 ( 46.34)  Acc@5  62.50 ( 78.05)
Test: [ 50/142]  Time  0.057 ( 0.109)  Loss 1.0148e+00 (1.6719e+00)  Acc@1  75.00 ( 51.96)  Acc@5  87.50 ( 80.39)
Test: [ 60/142]  Time  0.057 ( 0.107)  Loss 4.5332e-01 (1.5533e+00)  Acc@1  75.00 ( 55.33)  Acc@5 100.00 ( 82.58)
Test: [ 70/142]  Time  0.057 ( 0.105)  Loss 1.0136e+00 (1.7123e+00)  Acc@1  75.00 ( 51.23)  Acc@5 100.00 ( 79.23)
Test: [ 80/142]  Time  0.106 ( 0.103)  Loss 3.8388e+00 (1.7654e+00)  Acc@1   0.00 ( 50.00)  Acc@5  12.50 ( 78.55)
Test: [ 90/142]  Time  0.091 ( 0.103)  Loss 2.3645e+00 (1.8694e+00)  Acc@1  12.50 ( 45.60)  Acc@5  62.50 ( 75.96)
Test: [100/142]  Time  0.124 ( 0.102)  Loss 2.1188e+00 (1.8728e+00)  Acc@1  25.00 ( 46.04)  Acc@5  87.50 ( 77.48)
Test: [110/142]  Time  0.060 ( 0.101)  Loss 2.6683e+00 (1.8832e+00)  Acc@1   0.00 ( 45.16)  Acc@5  87.50 ( 78.15)
Test: [120/142]  Time  0.058 ( 0.101)  Loss 2.7349e+00 (1.9330e+00)  Acc@1   0.00 ( 43.39)  Acc@5  50.00 ( 77.48)
Test: [130/142]  Time  0.109 ( 0.101)  Loss 3.1121e+00 (1.9854e+00)  Acc@1   0.00 ( 40.94)  Acc@5  50.00 ( 76.05)
Test: [140/142]  Time  0.136 ( 0.102)  Loss 2.6542e+00 (1.9779e+00)  Acc@1   0.00 ( 40.69)  Acc@5  62.50 ( 75.80)
 * Acc@1 40.617 Acc@5 75.683
saved best model to:  models/plants/model_best.pth.tar
Epoch: [34][   0/1307]  Time  0.428 ( 0.428)  Data  0.323 ( 0.323)  Loss 1.8019e+00 (1.8019e+00)  Acc@1  37.50 ( 37.50)  Acc@5  87.50 ( 87.50)
Epoch: [34][  10/1307]  Time  0.195 ( 0.220)  Data  0.001 ( 0.039)  Loss 1.6413e+00 (1.9604e+00)  Acc@1  50.00 ( 32.95)  Acc@5  87.50 ( 81.82)
Epoch: [34][  20/1307]  Time  0.197 ( 0.210)  Data  0.000 ( 0.026)  Loss 1.9285e+00 (1.8457e+00)  Acc@1  25.00 ( 41.67)  Acc@5  87.50 ( 81.55)
Epoch: [34][  30/1307]  Time  0.195 ( 0.207)  Data  0.000 ( 0.021)  Loss 1.5422e+00 (1.8335e+00)  Acc@1  62.50 ( 41.13)  Acc@5  87.50 ( 80.65)
Epoch: [34][  40/1307]  Time  0.198 ( 0.205)  Data  0.000 ( 0.018)  Loss 2.0516e+00 (1.8694e+00)  Acc@1  25.00 ( 39.63)  Acc@5  87.50 ( 80.49)
Epoch: [34][  50/1307]  Time  0.197 ( 0.204)  Data  0.000 ( 0.017)  Loss 1.7689e+00 (1.8737e+00)  Acc@1  50.00 ( 40.20)  Acc@5  87.50 ( 79.41)
Epoch: [34][  60/1307]  Time  0.203 ( 0.203)  Data  0.000 ( 0.016)  Loss 2.1484e+00 (1.9002e+00)  Acc@1  50.00 ( 39.96)  Acc@5  62.50 ( 77.46)
Epoch: [34][  70/1307]  Time  0.199 ( 0.203)  Data  0.000 ( 0.015)  Loss 2.3229e+00 (1.9369e+00)  Acc@1  25.00 ( 38.20)  Acc@5  75.00 ( 75.53)
Epoch: [34][  80/1307]  Time  0.207 ( 0.202)  Data  0.000 ( 0.015)  Loss 1.8798e+00 (1.9397e+00)  Acc@1  50.00 ( 38.12)  Acc@5  75.00 ( 75.00)
Epoch: [34][  90/1307]  Time  0.197 ( 0.202)  Data  0.000 ( 0.014)  Loss 1.2448e+00 (1.9259e+00)  Acc@1  50.00 ( 38.60)  Acc@5 100.00 ( 75.82)
Epoch: [34][ 100/1307]  Time  0.195 ( 0.202)  Data  0.000 ( 0.014)  Loss 2.3259e+00 (1.9210e+00)  Acc@1  37.50 ( 39.23)  Acc@5  75.00 ( 75.74)
Epoch: [34][ 110/1307]  Time  0.198 ( 0.201)  Data  0.000 ( 0.014)  Loss 1.4731e+00 (1.9342e+00)  Acc@1  50.00 ( 39.19)  Acc@5 100.00 ( 75.68)
Epoch: [34][ 120/1307]  Time  0.196 ( 0.201)  Data  0.000 ( 0.013)  Loss 1.5889e+00 (1.9185e+00)  Acc@1  50.00 ( 39.88)  Acc@5  62.50 ( 75.72)
Epoch: [34][ 130/1307]  Time  0.202 ( 0.201)  Data  0.000 ( 0.013)  Loss 2.8146e+00 (1.9331e+00)  Acc@1   0.00 ( 39.31)  Acc@5  75.00 ( 75.29)
Epoch: [34][ 140/1307]  Time  0.200 ( 0.201)  Data  0.000 ( 0.013)  Loss 1.0765e+00 (1.9290e+00)  Acc@1  75.00 ( 39.54)  Acc@5 100.00 ( 75.35)
Epoch: [34][ 150/1307]  Time  0.198 ( 0.201)  Data  0.000 ( 0.013)  Loss 1.5551e+00 (1.9107e+00)  Acc@1  50.00 ( 40.23)  Acc@5 100.00 ( 76.08)
Epoch: [34][ 160/1307]  Time  0.198 ( 0.201)  Data  0.000 ( 0.013)  Loss 1.3255e+00 (1.9037e+00)  Acc@1  62.50 ( 40.61)  Acc@5  75.00 ( 76.16)
Epoch: [34][ 170/1307]  Time  0.199 ( 0.201)  Data  0.000 ( 0.012)  Loss 2.1643e+00 (1.9067e+00)  Acc@1  25.00 ( 40.64)  Acc@5  87.50 ( 76.10)
Epoch: [34][ 180/1307]  Time  0.197 ( 0.201)  Data  0.000 ( 0.012)  Loss 1.4066e+00 (1.9152e+00)  Acc@1  50.00 ( 40.33)  Acc@5 100.00 ( 76.04)
Epoch: [34][ 190/1307]  Time  0.199 ( 0.201)  Data  0.000 ( 0.012)  Loss 2.4661e+00 (1.9181e+00)  Acc@1  25.00 ( 39.92)  Acc@5  62.50 ( 76.11)
Epoch: [34][ 200/1307]  Time  0.193 ( 0.201)  Data  0.000 ( 0.012)  Loss 2.2598e+00 (1.9280e+00)  Acc@1  37.50 ( 39.49)  Acc@5  62.50 ( 75.87)
Epoch: [34][ 210/1307]  Time  0.196 ( 0.200)  Data  0.000 ( 0.012)  Loss 1.5198e+00 (1.9332e+00)  Acc@1  62.50 ( 39.45)  Acc@5  87.50 ( 75.71)
Epoch: [34][ 220/1307]  Time  0.199 ( 0.200)  Data  0.000 ( 0.012)  Loss 1.9305e+00 (1.9243e+00)  Acc@1  50.00 ( 39.82)  Acc@5  75.00 ( 75.90)
Epoch: [34][ 230/1307]  Time  0.198 ( 0.200)  Data  0.000 ( 0.012)  Loss 1.7542e+00 (1.9250e+00)  Acc@1  50.00 ( 39.77)  Acc@5  87.50 ( 76.08)
Epoch: [34][ 240/1307]  Time  0.197 ( 0.200)  Data  0.000 ( 0.012)  Loss 1.9323e+00 (1.9229e+00)  Acc@1  37.50 ( 39.83)  Acc@5  75.00 ( 76.09)
Epoch: [34][ 250/1307]  Time  0.199 ( 0.200)  Data  0.000 ( 0.012)  Loss 2.1223e+00 (1.9274e+00)  Acc@1  50.00 ( 39.89)  Acc@5  50.00 ( 75.85)
Epoch: [34][ 260/1307]  Time  0.204 ( 0.200)  Data  0.000 ( 0.012)  Loss 2.7064e+00 (1.9197e+00)  Acc@1  25.00 ( 40.09)  Acc@5  37.50 ( 75.81)
Epoch: [34][ 270/1307]  Time  0.206 ( 0.200)  Data  0.000 ( 0.012)  Loss 1.6495e+00 (1.9171e+00)  Acc@1  37.50 ( 40.36)  Acc@5 100.00 ( 75.74)
Epoch: [34][ 280/1307]  Time  0.199 ( 0.200)  Data  0.000 ( 0.012)  Loss 1.9349e+00 (1.9215e+00)  Acc@1  50.00 ( 40.30)  Acc@5  87.50 ( 75.71)
Epoch: [34][ 290/1307]  Time  0.199 ( 0.200)  Data  0.000 ( 0.012)  Loss 2.2803e+00 (1.9248e+00)  Acc@1  25.00 ( 40.34)  Acc@5  50.00 ( 75.52)
Epoch: [34][ 300/1307]  Time  0.194 ( 0.200)  Data  0.000 ( 0.012)  Loss 1.1550e+00 (1.9216e+00)  Acc@1  75.00 ( 40.53)  Acc@5 100.00 ( 75.75)
Epoch: [34][ 310/1307]  Time  0.205 ( 0.200)  Data  0.000 ( 0.012)  Loss 2.4036e+00 (1.9240e+00)  Acc@1  12.50 ( 40.23)  Acc@5  75.00 ( 75.80)
Epoch: [34][ 320/1307]  Time  0.197 ( 0.200)  Data  0.000 ( 0.012)  Loss 2.0766e+00 (1.9253e+00)  Acc@1  37.50 ( 40.03)  Acc@5  75.00 ( 75.74)
Epoch: [34][ 330/1307]  Time  0.192 ( 0.200)  Data  0.000 ( 0.012)  Loss 1.4935e+00 (1.9152e+00)  Acc@1  62.50 ( 40.37)  Acc@5 100.00 ( 76.06)
Epoch: [34][ 340/1307]  Time  0.205 ( 0.200)  Data  0.000 ( 0.012)  Loss 2.5726e+00 (1.9196e+00)  Acc@1  37.50 ( 40.36)  Acc@5  50.00 ( 75.81)
Epoch: [34][ 350/1307]  Time  0.200 ( 0.200)  Data  0.000 ( 0.012)  Loss 1.8319e+00 (1.9144e+00)  Acc@1  50.00 ( 40.42)  Acc@5  62.50 ( 75.93)
Epoch: [34][ 360/1307]  Time  0.187 ( 0.200)  Data  0.000 ( 0.012)  Loss 1.5807e+00 (1.9108e+00)  Acc@1  37.50 ( 40.41)  Acc@5 100.00 ( 76.21)
Epoch: [34][ 370/1307]  Time  0.203 ( 0.200)  Data  0.000 ( 0.012)  Loss 1.8108e+00 (1.9108e+00)  Acc@1  37.50 ( 40.40)  Acc@5  87.50 ( 76.21)
Epoch: [34][ 380/1307]  Time  0.192 ( 0.200)  Data  0.000 ( 0.012)  Loss 1.6204e+00 (1.9109e+00)  Acc@1  50.00 ( 40.32)  Acc@5  87.50 ( 76.35)
Epoch: [34][ 390/1307]  Time  0.190 ( 0.200)  Data  0.000 ( 0.011)  Loss 1.8684e+00 (1.9193e+00)  Acc@1  37.50 ( 40.15)  Acc@5  62.50 ( 76.25)
Epoch: [34][ 400/1307]  Time  0.191 ( 0.200)  Data  0.000 ( 0.011)  Loss 2.5819e+00 (1.9183e+00)  Acc@1  25.00 ( 40.27)  Acc@5  50.00 ( 76.31)
Epoch: [34][ 410/1307]  Time  0.204 ( 0.200)  Data  0.000 ( 0.011)  Loss 2.1394e+00 (1.9161e+00)  Acc@1  25.00 ( 40.33)  Acc@5  75.00 ( 76.40)
Epoch: [34][ 420/1307]  Time  0.190 ( 0.200)  Data  0.000 ( 0.011)  Loss 1.7552e+00 (1.9135e+00)  Acc@1  37.50 ( 40.32)  Acc@5  87.50 ( 76.48)
Epoch: [34][ 430/1307]  Time  0.195 ( 0.200)  Data  0.000 ( 0.011)  Loss 1.7852e+00 (1.9145e+00)  Acc@1  37.50 ( 40.31)  Acc@5  75.00 ( 76.42)
Epoch: [34][ 440/1307]  Time  0.196 ( 0.200)  Data  0.000 ( 0.011)  Loss 2.7124e+00 (1.9138e+00)  Acc@1  12.50 ( 40.39)  Acc@5  50.00 ( 76.47)
Epoch: [34][ 450/1307]  Time  0.194 ( 0.200)  Data  0.000 ( 0.011)  Loss 1.4473e+00 (1.9118e+00)  Acc@1  37.50 ( 40.38)  Acc@5  87.50 ( 76.52)
Epoch: [34][ 460/1307]  Time  0.190 ( 0.200)  Data  0.000 ( 0.011)  Loss 2.8138e+00 (1.9180e+00)  Acc@1  25.00 ( 40.29)  Acc@5  50.00 ( 76.25)
Epoch: [34][ 470/1307]  Time  0.196 ( 0.200)  Data  0.000 ( 0.011)  Loss 2.3007e+00 (1.9211e+00)  Acc@1  37.50 ( 40.21)  Acc@5  75.00 ( 76.22)
Epoch: [34][ 480/1307]  Time  0.198 ( 0.200)  Data  0.000 ( 0.011)  Loss 1.4452e+00 (1.9247e+00)  Acc@1  62.50 ( 40.18)  Acc@5  75.00 ( 76.07)
Epoch: [34][ 490/1307]  Time  0.200 ( 0.200)  Data  0.000 ( 0.011)  Loss 1.4344e+00 (1.9220e+00)  Acc@1  62.50 ( 40.22)  Acc@5  87.50 ( 76.22)
Epoch: [34][ 500/1307]  Time  0.201 ( 0.200)  Data  0.000 ( 0.011)  Loss 1.8653e+00 (1.9249e+00)  Acc@1  37.50 ( 40.14)  Acc@5  75.00 ( 76.12)
Epoch: [34][ 510/1307]  Time  0.199 ( 0.200)  Data  0.000 ( 0.011)  Loss 2.0300e+00 (1.9263e+00)  Acc@1  50.00 ( 40.02)  Acc@5  62.50 ( 76.05)
Epoch: [34][ 520/1307]  Time  0.196 ( 0.200)  Data  0.000 ( 0.011)  Loss 1.5225e+00 (1.9216e+00)  Acc@1  37.50 ( 40.12)  Acc@5  75.00 ( 76.18)
Epoch: [34][ 530/1307]  Time  0.200 ( 0.200)  Data  0.000 ( 0.011)  Loss 2.8746e+00 (1.9216e+00)  Acc@1  12.50 ( 40.14)  Acc@5  62.50 ( 76.25)
Epoch: [34][ 540/1307]  Time  0.197 ( 0.200)  Data  0.000 ( 0.011)  Loss 8.6268e-01 (1.9180e+00)  Acc@1  75.00 ( 40.32)  Acc@5 100.00 ( 76.39)
Epoch: [34][ 550/1307]  Time  0.200 ( 0.200)  Data  0.000 ( 0.011)  Loss 1.1770e+00 (1.9147e+00)  Acc@1  62.50 ( 40.29)  Acc@5 100.00 ( 76.41)
Epoch: [34][ 560/1307]  Time  0.191 ( 0.200)  Data  0.000 ( 0.011)  Loss 1.5407e+00 (1.9133e+00)  Acc@1  50.00 ( 40.29)  Acc@5  87.50 ( 76.43)
Epoch: [34][ 570/1307]  Time  0.195 ( 0.200)  Data  0.000 ( 0.011)  Loss 2.3955e+00 (1.9149e+00)  Acc@1  25.00 ( 40.35)  Acc@5  62.50 ( 76.31)
Epoch: [34][ 580/1307]  Time  0.201 ( 0.200)  Data  0.000 ( 0.011)  Loss 2.5941e+00 (1.9200e+00)  Acc@1  12.50 ( 40.10)  Acc@5  50.00 ( 76.16)
Epoch: [34][ 590/1307]  Time  0.200 ( 0.200)  Data  0.000 ( 0.011)  Loss 1.7140e+00 (1.9217e+00)  Acc@1  37.50 ( 40.02)  Acc@5  87.50 ( 76.12)
Epoch: [34][ 600/1307]  Time  0.198 ( 0.200)  Data  0.000 ( 0.011)  Loss 1.4698e+00 (1.9230e+00)  Acc@1  50.00 ( 39.89)  Acc@5  87.50 ( 76.06)
Epoch: [34][ 610/1307]  Time  0.203 ( 0.200)  Data  0.000 ( 0.011)  Loss 1.7871e+00 (1.9208e+00)  Acc@1  50.00 ( 39.98)  Acc@5  62.50 ( 76.10)
Epoch: [34][ 620/1307]  Time  0.199 ( 0.200)  Data  0.000 ( 0.011)  Loss 1.9912e+00 (1.9215e+00)  Acc@1  37.50 ( 39.98)  Acc@5  75.00 ( 76.07)
Epoch: [34][ 630/1307]  Time  0.195 ( 0.200)  Data  0.000 ( 0.011)  Loss 2.4181e+00 (1.9217e+00)  Acc@1  12.50 ( 39.90)  Acc@5  75.00 ( 76.07)
Epoch: [34][ 640/1307]  Time  0.208 ( 0.200)  Data  0.000 ( 0.011)  Loss 1.4692e+00 (1.9216e+00)  Acc@1  50.00 ( 39.92)  Acc@5 100.00 ( 76.17)
Epoch: [34][ 650/1307]  Time  0.198 ( 0.200)  Data  0.000 ( 0.011)  Loss 2.1075e+00 (1.9257e+00)  Acc@1  37.50 ( 39.78)  Acc@5  62.50 ( 76.08)
Epoch: [34][ 660/1307]  Time  0.196 ( 0.200)  Data  0.000 ( 0.011)  Loss 2.0553e+00 (1.9246e+00)  Acc@1  37.50 ( 39.79)  Acc@5  75.00 ( 76.12)
Epoch: [34][ 670/1307]  Time  0.197 ( 0.200)  Data  0.000 ( 0.011)  Loss 2.1806e+00 (1.9240e+00)  Acc@1  25.00 ( 39.79)  Acc@5  75.00 ( 76.17)
Epoch: [34][ 680/1307]  Time  0.208 ( 0.200)  Data  0.000 ( 0.011)  Loss 1.9921e+00 (1.9232e+00)  Acc@1  37.50 ( 39.79)  Acc@5  87.50 ( 76.19)
Epoch: [34][ 690/1307]  Time  0.200 ( 0.200)  Data  0.000 ( 0.011)  Loss 2.1348e+00 (1.9234e+00)  Acc@1  37.50 ( 39.89)  Acc@5  75.00 ( 76.23)
Epoch: [34][ 700/1307]  Time  0.195 ( 0.200)  Data  0.000 ( 0.011)  Loss 1.7162e+00 (1.9228e+00)  Acc@1  50.00 ( 39.96)  Acc@5  87.50 ( 76.25)
Epoch: [34][ 710/1307]  Time  0.199 ( 0.200)  Data  0.000 ( 0.011)  Loss 2.3451e+00 (1.9245e+00)  Acc@1  25.00 ( 39.93)  Acc@5  62.50 ( 76.11)
Epoch: [34][ 720/1307]  Time  0.198 ( 0.200)  Data  0.000 ( 0.011)  Loss 1.6564e+00 (1.9231e+00)  Acc@1  50.00 ( 40.00)  Acc@5  87.50 ( 76.13)
Epoch: [34][ 730/1307]  Time  0.199 ( 0.200)  Data  0.000 ( 0.011)  Loss 1.7375e+00 (1.9226e+00)  Acc@1  62.50 ( 40.10)  Acc@5  87.50 ( 76.08)
Epoch: [34][ 740/1307]  Time  0.201 ( 0.200)  Data  0.000 ( 0.011)  Loss 1.9449e+00 (1.9225e+00)  Acc@1  50.00 ( 40.10)  Acc@5  75.00 ( 76.06)
Epoch: [34][ 750/1307]  Time  0.198 ( 0.200)  Data  0.000 ( 0.011)  Loss 2.1601e+00 (1.9217e+00)  Acc@1  25.00 ( 40.06)  Acc@5  87.50 ( 76.17)
Epoch: [34][ 760/1307]  Time  0.204 ( 0.200)  Data  0.000 ( 0.011)  Loss 1.6752e+00 (1.9197e+00)  Acc@1  50.00 ( 40.13)  Acc@5  75.00 ( 76.25)
Epoch: [34][ 770/1307]  Time  0.194 ( 0.200)  Data  0.000 ( 0.011)  Loss 2.1355e+00 (1.9202e+00)  Acc@1  37.50 ( 40.09)  Acc@5  62.50 ( 76.22)
Epoch: [34][ 780/1307]  Time  0.200 ( 0.200)  Data  0.000 ( 0.011)  Loss 1.9872e+00 (1.9187e+00)  Acc@1  25.00 ( 40.11)  Acc@5  62.50 ( 76.18)
Epoch: [34][ 790/1307]  Time  0.204 ( 0.200)  Data  0.000 ( 0.011)  Loss 1.9506e+00 (1.9204e+00)  Acc@1  37.50 ( 40.04)  Acc@5  75.00 ( 76.17)
Epoch: [34][ 800/1307]  Time  0.192 ( 0.200)  Data  0.000 ( 0.011)  Loss 2.7689e+00 (1.9217e+00)  Acc@1  25.00 ( 40.06)  Acc@5  62.50 ( 76.03)
Epoch: [34][ 810/1307]  Time  0.203 ( 0.200)  Data  0.000 ( 0.011)  Loss 1.9396e+00 (1.9228e+00)  Acc@1  37.50 ( 40.03)  Acc@5  75.00 ( 76.02)
Epoch: [34][ 820/1307]  Time  0.193 ( 0.200)  Data  0.000 ( 0.011)  Loss 2.3117e+00 (1.9241e+00)  Acc@1  25.00 ( 39.98)  Acc@5  62.50 ( 75.94)
Epoch: [34][ 830/1307]  Time  0.199 ( 0.200)  Data  0.000 ( 0.011)  Loss 1.6188e+00 (1.9226e+00)  Acc@1  62.50 ( 40.15)  Acc@5  75.00 ( 75.96)
Epoch: [34][ 840/1307]  Time  0.200 ( 0.200)  Data  0.000 ( 0.011)  Loss 1.4293e+00 (1.9227e+00)  Acc@1  50.00 ( 40.16)  Acc@5 100.00 ( 75.94)
Epoch: [34][ 850/1307]  Time  0.205 ( 0.200)  Data  0.000 ( 0.011)  Loss 2.1788e+00 (1.9229e+00)  Acc@1  37.50 ( 40.14)  Acc@5  75.00 ( 75.91)
Epoch: [34][ 860/1307]  Time  0.197 ( 0.200)  Data  0.000 ( 0.011)  Loss 1.1241e+00 (1.9218e+00)  Acc@1  62.50 ( 40.21)  Acc@5 100.00 ( 75.93)
Epoch: [34][ 870/1307]  Time  0.200 ( 0.200)  Data  0.000 ( 0.011)  Loss 1.2255e+00 (1.9222e+00)  Acc@1  62.50 ( 40.27)  Acc@5  87.50 ( 75.98)
Epoch: [34][ 880/1307]  Time  0.198 ( 0.200)  Data  0.000 ( 0.011)  Loss 1.5966e+00 (1.9219e+00)  Acc@1  62.50 ( 40.27)  Acc@5  87.50 ( 76.04)
Epoch: [34][ 890/1307]  Time  0.198 ( 0.200)  Data  0.000 ( 0.011)  Loss 1.9481e+00 (1.9190e+00)  Acc@1  37.50 ( 40.35)  Acc@5  62.50 ( 76.07)
Epoch: [34][ 900/1307]  Time  0.201 ( 0.200)  Data  0.000 ( 0.011)  Loss 1.1892e+00 (1.9176e+00)  Acc@1  62.50 ( 40.33)  Acc@5  87.50 ( 76.18)
Epoch: [34][ 910/1307]  Time  0.207 ( 0.200)  Data  0.000 ( 0.011)  Loss 2.5790e+00 (1.9187e+00)  Acc@1  25.00 ( 40.29)  Acc@5  50.00 ( 76.13)
Epoch: [34][ 920/1307]  Time  0.197 ( 0.200)  Data  0.000 ( 0.011)  Loss 2.5748e+00 (1.9197e+00)  Acc@1  25.00 ( 40.26)  Acc@5  50.00 ( 76.09)
Epoch: [34][ 930/1307]  Time  0.196 ( 0.200)  Data  0.000 ( 0.011)  Loss 2.0871e+00 (1.9195e+00)  Acc@1  37.50 ( 40.27)  Acc@5  87.50 ( 76.13)
Epoch: [34][ 940/1307]  Time  0.194 ( 0.200)  Data  0.000 ( 0.011)  Loss 1.5320e+00 (1.9178e+00)  Acc@1  37.50 ( 40.34)  Acc@5  87.50 ( 76.16)
Epoch: [34][ 950/1307]  Time  0.199 ( 0.200)  Data  0.000 ( 0.011)  Loss 1.1715e+00 (1.9153e+00)  Acc@1  75.00 ( 40.39)  Acc@5  87.50 ( 76.29)
Epoch: [34][ 960/1307]  Time  0.201 ( 0.200)  Data  0.000 ( 0.011)  Loss 3.1625e+00 (1.9148e+00)  Acc@1   0.00 ( 40.44)  Acc@5  50.00 ( 76.31)
Epoch: [34][ 970/1307]  Time  0.200 ( 0.200)  Data  0.000 ( 0.011)  Loss 2.6016e+00 (1.9171e+00)  Acc@1  25.00 ( 40.37)  Acc@5  50.00 ( 76.26)
Epoch: [34][ 980/1307]  Time  0.198 ( 0.200)  Data  0.000 ( 0.011)  Loss 2.7805e+00 (1.9206e+00)  Acc@1  12.50 ( 40.29)  Acc@5  50.00 ( 76.10)
Epoch: [34][ 990/1307]  Time  0.197 ( 0.200)  Data  0.000 ( 0.011)  Loss 1.5685e+00 (1.9201e+00)  Acc@1  62.50 ( 40.29)  Acc@5  87.50 ( 76.16)
Epoch: [34][1000/1307]  Time  0.190 ( 0.200)  Data  0.000 ( 0.011)  Loss 1.8069e+00 (1.9192e+00)  Acc@1  37.50 ( 40.36)  Acc@5  75.00 ( 76.21)
Epoch: [34][1010/1307]  Time  0.202 ( 0.200)  Data  0.000 ( 0.011)  Loss 2.0557e+00 (1.9189e+00)  Acc@1  37.50 ( 40.42)  Acc@5  75.00 ( 76.21)
Epoch: [34][1020/1307]  Time  0.198 ( 0.200)  Data  0.000 ( 0.011)  Loss 1.8237e+00 (1.9187e+00)  Acc@1  50.00 ( 40.48)  Acc@5  75.00 ( 76.21)
Epoch: [34][1030/1307]  Time  0.195 ( 0.200)  Data  0.000 ( 0.011)  Loss 1.6809e+00 (1.9188e+00)  Acc@1  50.00 ( 40.45)  Acc@5  87.50 ( 76.18)
Epoch: [34][1040/1307]  Time  0.206 ( 0.200)  Data  0.000 ( 0.011)  Loss 1.4324e+00 (1.9180e+00)  Acc@1  50.00 ( 40.47)  Acc@5  87.50 ( 76.26)
Epoch: [34][1050/1307]  Time  0.209 ( 0.200)  Data  0.000 ( 0.011)  Loss 2.1858e+00 (1.9138e+00)  Acc@1  25.00 ( 40.59)  Acc@5  87.50 ( 76.38)
Epoch: [34][1060/1307]  Time  0.202 ( 0.200)  Data  0.000 ( 0.011)  Loss 2.7840e+00 (1.9133e+00)  Acc@1   0.00 ( 40.65)  Acc@5  50.00 ( 76.39)
Epoch: [34][1070/1307]  Time  0.198 ( 0.200)  Data  0.000 ( 0.011)  Loss 1.3374e+00 (1.9110e+00)  Acc@1  62.50 ( 40.70)  Acc@5  87.50 ( 76.44)
Epoch: [34][1080/1307]  Time  0.202 ( 0.200)  Data  0.000 ( 0.011)  Loss 2.9500e+00 (1.9115e+00)  Acc@1  25.00 ( 40.70)  Acc@5  37.50 ( 76.42)
Epoch: [34][1090/1307]  Time  0.197 ( 0.200)  Data  0.000 ( 0.011)  Loss 2.6880e+00 (1.9138e+00)  Acc@1  25.00 ( 40.66)  Acc@5  50.00 ( 76.37)
Epoch: [34][1100/1307]  Time  0.205 ( 0.200)  Data  0.000 ( 0.011)  Loss 1.1603e+00 (1.9141e+00)  Acc@1  62.50 ( 40.67)  Acc@5  87.50 ( 76.33)
Epoch: [34][1110/1307]  Time  0.198 ( 0.200)  Data  0.000 ( 0.011)  Loss 2.7109e+00 (1.9146e+00)  Acc@1  37.50 ( 40.67)  Acc@5  50.00 ( 76.27)
Epoch: [34][1120/1307]  Time  0.206 ( 0.200)  Data  0.000 ( 0.011)  Loss 1.6169e+00 (1.9154e+00)  Acc@1  37.50 ( 40.68)  Acc@5  87.50 ( 76.28)
Epoch: [34][1130/1307]  Time  0.199 ( 0.200)  Data  0.000 ( 0.011)  Loss 2.5291e+00 (1.9157e+00)  Acc@1  12.50 ( 40.67)  Acc@5  75.00 ( 76.28)
Epoch: [34][1140/1307]  Time  0.205 ( 0.200)  Data  0.000 ( 0.011)  Loss 1.8166e+00 (1.9165e+00)  Acc@1  37.50 ( 40.70)  Acc@5  75.00 ( 76.27)
Epoch: [34][1150/1307]  Time  0.194 ( 0.200)  Data  0.000 ( 0.011)  Loss 1.6742e+00 (1.9165e+00)  Acc@1  37.50 ( 40.68)  Acc@5  87.50 ( 76.28)
Epoch: [34][1160/1307]  Time  0.194 ( 0.200)  Data  0.000 ( 0.011)  Loss 1.0476e+00 (1.9156e+00)  Acc@1  62.50 ( 40.76)  Acc@5 100.00 ( 76.29)
Epoch: [34][1170/1307]  Time  0.202 ( 0.200)  Data  0.000 ( 0.011)  Loss 1.1171e+00 (1.9134e+00)  Acc@1  62.50 ( 40.80)  Acc@5  87.50 ( 76.30)
Epoch: [34][1180/1307]  Time  0.198 ( 0.200)  Data  0.000 ( 0.011)  Loss 2.1697e+00 (1.9142e+00)  Acc@1  37.50 ( 40.76)  Acc@5  62.50 ( 76.25)
Epoch: [34][1190/1307]  Time  0.201 ( 0.200)  Data  0.000 ( 0.011)  Loss 2.3965e+00 (1.9135e+00)  Acc@1  25.00 ( 40.74)  Acc@5  75.00 ( 76.27)
Epoch: [34][1200/1307]  Time  0.197 ( 0.200)  Data  0.000 ( 0.011)  Loss 1.9650e+00 (1.9134e+00)  Acc@1  37.50 ( 40.73)  Acc@5  87.50 ( 76.29)
Epoch: [34][1210/1307]  Time  0.196 ( 0.200)  Data  0.000 ( 0.011)  Loss 1.7613e+00 (1.9141e+00)  Acc@1  37.50 ( 40.67)  Acc@5  75.00 ( 76.26)
Epoch: [34][1220/1307]  Time  0.201 ( 0.200)  Data  0.000 ( 0.011)  Loss 1.7759e+00 (1.9141e+00)  Acc@1  50.00 ( 40.69)  Acc@5  87.50 ( 76.30)
Epoch: [34][1230/1307]  Time  0.199 ( 0.200)  Data  0.000 ( 0.011)  Loss 1.4809e+00 (1.9138e+00)  Acc@1  50.00 ( 40.67)  Acc@5 100.00 ( 76.32)
Epoch: [34][1240/1307]  Time  0.194 ( 0.200)  Data  0.000 ( 0.011)  Loss 1.6499e+00 (1.9118e+00)  Acc@1  50.00 ( 40.72)  Acc@5  87.50 ( 76.38)
Epoch: [34][1250/1307]  Time  0.201 ( 0.200)  Data  0.001 ( 0.011)  Loss 1.6699e+00 (1.9120e+00)  Acc@1  50.00 ( 40.73)  Acc@5  75.00 ( 76.40)
Epoch: [34][1260/1307]  Time  0.196 ( 0.200)  Data  0.000 ( 0.011)  Loss 1.8757e+00 (1.9125e+00)  Acc@1  62.50 ( 40.74)  Acc@5  75.00 ( 76.40)
Epoch: [34][1270/1307]  Time  0.197 ( 0.200)  Data  0.000 ( 0.011)  Loss 2.7055e+00 (1.9118e+00)  Acc@1  25.00 ( 40.81)  Acc@5  50.00 ( 76.43)
Epoch: [34][1280/1307]  Time  0.201 ( 0.200)  Data  0.000 ( 0.011)  Loss 1.5082e+00 (1.9112e+00)  Acc@1  50.00 ( 40.81)  Acc@5  87.50 ( 76.47)
Epoch: [34][1290/1307]  Time  0.194 ( 0.200)  Data  0.000 ( 0.011)  Loss 2.5096e+00 (1.9115e+00)  Acc@1  12.50 ( 40.79)  Acc@5  62.50 ( 76.47)
Epoch: [34][1300/1307]  Time  0.198 ( 0.200)  Data  0.000 ( 0.011)  Loss 1.8527e+00 (1.9117e+00)  Acc@1  50.00 ( 40.81)  Acc@5  87.50 ( 76.53)
Epoch: [34] completed, elapsed time 260.843 seconds
Test: [  0/142]  Time  0.383 ( 0.383)  Loss 2.8508e+00 (2.8508e+00)  Acc@1  12.50 ( 12.50)  Acc@5  50.00 ( 50.00)
Test: [ 10/142]  Time  0.138 ( 0.135)  Loss 1.5266e+00 (1.6412e+00)  Acc@1  62.50 ( 51.14)  Acc@5  87.50 ( 81.82)
Test: [ 20/142]  Time  0.094 ( 0.124)  Loss 2.0777e+00 (1.6384e+00)  Acc@1  50.00 ( 52.38)  Acc@5  62.50 ( 82.14)
Test: [ 30/142]  Time  0.058 ( 0.120)  Loss 2.2726e+00 (1.8039e+00)  Acc@1  50.00 ( 48.79)  Acc@5  50.00 ( 77.42)
Test: [ 40/142]  Time  0.057 ( 0.115)  Loss 2.5210e+00 (1.9614e+00)  Acc@1  12.50 ( 42.07)  Acc@5  50.00 ( 72.26)
Test: [ 50/142]  Time  0.058 ( 0.109)  Loss 9.9339e-01 (1.7799e+00)  Acc@1  75.00 ( 47.55)  Acc@5  87.50 ( 74.75)
Test: [ 60/142]  Time  0.058 ( 0.107)  Loss 4.6923e-01 (1.6401e+00)  Acc@1  87.50 ( 51.43)  Acc@5 100.00 ( 77.25)
Test: [ 70/142]  Time  0.058 ( 0.105)  Loss 1.0564e+00 (1.7838e+00)  Acc@1  75.00 ( 48.24)  Acc@5  87.50 ( 74.30)
Test: [ 80/142]  Time  0.086 ( 0.103)  Loss 3.9962e+00 (1.8225e+00)  Acc@1   0.00 ( 47.84)  Acc@5   0.00 ( 73.92)
Test: [ 90/142]  Time  0.093 ( 0.102)  Loss 2.7130e+00 (1.9566e+00)  Acc@1  12.50 ( 43.41)  Acc@5  37.50 ( 70.88)
Test: [100/142]  Time  0.110 ( 0.101)  Loss 2.1010e+00 (1.9386e+00)  Acc@1  12.50 ( 43.32)  Acc@5  87.50 ( 73.27)
Test: [110/142]  Time  0.058 ( 0.101)  Loss 2.3136e+00 (1.9307e+00)  Acc@1   0.00 ( 42.68)  Acc@5  87.50 ( 74.66)
Test: [120/142]  Time  0.059 ( 0.101)  Loss 2.7139e+00 (1.9613e+00)  Acc@1   0.00 ( 40.81)  Acc@5  50.00 ( 74.59)
Test: [130/142]  Time  0.067 ( 0.101)  Loss 2.4595e+00 (1.9911e+00)  Acc@1   0.00 ( 39.03)  Acc@5  87.50 ( 74.62)
Test: [140/142]  Time  0.107 ( 0.102)  Loss 2.8306e+00 (1.9858e+00)  Acc@1   0.00 ( 39.01)  Acc@5  50.00 ( 74.38)
 * Acc@1 38.943 Acc@5 74.273
saved checkpoint to:  models/plants/checkpoint.pth.tar
