Epoch: [34][   0/1307]  Time  0.952 ( 0.952)  Data  0.337 ( 0.337)  Loss 2.1671e+00 (2.1671e+00)  Acc@1  12.50 ( 12.50)  Acc@5  75.00 ( 75.00)
Epoch: [34][  10/1307]  Time  1.134 ( 1.119)  Data  0.000 ( 0.079)  Loss 2.1087e+00 (2.0278e+00)  Acc@1  25.00 ( 39.77)  Acc@5  50.00 ( 73.86)
Epoch: [34][  20/1307]  Time  1.130 ( 1.125)  Data  0.000 ( 0.064)  Loss 9.0473e-01 (1.9761e+00)  Acc@1  87.50 ( 41.67)  Acc@5 100.00 ( 76.19)
Epoch: [34][  30/1307]  Time  1.130 ( 1.126)  Data  0.000 ( 0.059)  Loss 1.7029e+00 (1.9757e+00)  Acc@1  50.00 ( 41.94)  Acc@5  75.00 ( 75.40)
Epoch: [34][  40/1307]  Time  1.131 ( 1.128)  Data  0.000 ( 0.056)  Loss 1.2005e+00 (1.9134e+00)  Acc@1  75.00 ( 43.90)  Acc@5  87.50 ( 77.44)
Epoch: [34][  50/1307]  Time  1.129 ( 1.129)  Data  0.000 ( 0.055)  Loss 2.3883e+00 (1.9141e+00)  Acc@1  25.00 ( 42.40)  Acc@5  62.50 ( 77.21)
Epoch: [34][  60/1307]  Time  1.132 ( 1.129)  Data  0.000 ( 0.054)  Loss 1.7577e+00 (1.8819e+00)  Acc@1  50.00 ( 43.24)  Acc@5  87.50 ( 77.87)
Epoch: [34][  70/1307]  Time  1.166 ( 1.130)  Data  0.000 ( 0.053)  Loss 2.5322e+00 (1.8861e+00)  Acc@1  25.00 ( 43.13)  Acc@5  75.00 ( 78.35)
Epoch: [34][  80/1307]  Time  1.133 ( 1.130)  Data  0.000 ( 0.052)  Loss 2.3809e+00 (1.9201e+00)  Acc@1  25.00 ( 41.98)  Acc@5  62.50 ( 76.85)
Epoch: [34][  90/1307]  Time  1.128 ( 1.130)  Data  0.000 ( 0.052)  Loss 1.3768e+00 (1.9268e+00)  Acc@1  62.50 ( 41.62)  Acc@5  87.50 ( 77.20)
Epoch: [34][ 100/1307]  Time  1.136 ( 1.130)  Data  0.000 ( 0.051)  Loss 1.9336e+00 (1.9358e+00)  Acc@1  25.00 ( 41.34)  Acc@5  75.00 ( 76.61)
Epoch: [34][ 110/1307]  Time  1.131 ( 1.130)  Data  0.000 ( 0.051)  Loss 1.3738e+00 (1.9372e+00)  Acc@1  50.00 ( 40.77)  Acc@5  87.50 ( 76.58)
Epoch: [34][ 120/1307]  Time  1.136 ( 1.131)  Data  0.000 ( 0.051)  Loss 1.7882e+00 (1.9176e+00)  Acc@1  62.50 ( 41.22)  Acc@5  87.50 ( 76.76)
Epoch: [34][ 130/1307]  Time  1.130 ( 1.131)  Data  0.000 ( 0.051)  Loss 2.1040e+00 (1.9137e+00)  Acc@1  25.00 ( 41.13)  Acc@5  75.00 ( 76.72)
Epoch: [34][ 140/1307]  Time  1.130 ( 1.131)  Data  0.000 ( 0.051)  Loss 2.1535e+00 (1.9275e+00)  Acc@1  37.50 ( 40.60)  Acc@5  75.00 ( 76.60)
Epoch: [34][ 150/1307]  Time  1.085 ( 1.131)  Data  0.000 ( 0.051)  Loss 1.5233e+00 (1.9209e+00)  Acc@1  50.00 ( 40.98)  Acc@5  75.00 ( 77.07)
Epoch: [34][ 160/1307]  Time  1.140 ( 1.131)  Data  0.000 ( 0.051)  Loss 1.4533e+00 (1.9133e+00)  Acc@1  50.00 ( 40.84)  Acc@5 100.00 ( 77.41)
Epoch: [34][ 170/1307]  Time  1.130 ( 1.131)  Data  0.000 ( 0.050)  Loss 1.5104e+00 (1.9026e+00)  Acc@1  62.50 ( 41.30)  Acc@5  87.50 ( 77.41)
Epoch: [34][ 180/1307]  Time  1.135 ( 1.131)  Data  0.000 ( 0.050)  Loss 1.3377e+00 (1.8903e+00)  Acc@1  50.00 ( 41.51)  Acc@5 100.00 ( 77.56)
Epoch: [34][ 190/1307]  Time  1.128 ( 1.131)  Data  0.000 ( 0.050)  Loss 2.1182e+00 (1.8969e+00)  Acc@1  50.00 ( 41.36)  Acc@5  50.00 ( 77.36)
Epoch: [34][ 200/1307]  Time  1.132 ( 1.131)  Data  0.000 ( 0.050)  Loss 1.9087e+00 (1.8945e+00)  Acc@1  25.00 ( 41.92)  Acc@5 100.00 ( 77.24)
Epoch: [34][ 210/1307]  Time  1.132 ( 1.131)  Data  0.000 ( 0.050)  Loss 2.2718e+00 (1.8932e+00)  Acc@1  25.00 ( 41.82)  Acc@5  75.00 ( 77.37)
Epoch: [34][ 220/1307]  Time  1.159 ( 1.131)  Data  0.000 ( 0.050)  Loss 1.2247e+00 (1.8951e+00)  Acc@1  75.00 ( 41.74)  Acc@5  75.00 ( 77.15)
Epoch: [34][ 230/1307]  Time  1.130 ( 1.131)  Data  0.000 ( 0.050)  Loss 1.4606e+00 (1.8944e+00)  Acc@1  50.00 ( 41.50)  Acc@5  75.00 ( 77.16)
Epoch: [34][ 240/1307]  Time  1.144 ( 1.131)  Data  0.000 ( 0.050)  Loss 2.1772e+00 (1.8987e+00)  Acc@1  37.50 ( 41.60)  Acc@5  50.00 ( 76.87)
Epoch: [34][ 250/1307]  Time  1.134 ( 1.131)  Data  0.000 ( 0.050)  Loss 1.8847e+00 (1.8877e+00)  Acc@1  25.00 ( 41.98)  Acc@5  87.50 ( 77.24)
Epoch: [34][ 260/1307]  Time  1.135 ( 1.131)  Data  0.000 ( 0.050)  Loss 1.4087e+00 (1.8789e+00)  Acc@1  50.00 ( 42.34)  Acc@5 100.00 ( 77.30)
Epoch: [34][ 270/1307]  Time  1.143 ( 1.131)  Data  0.000 ( 0.050)  Loss 2.5484e+00 (1.8807e+00)  Acc@1  25.00 ( 42.39)  Acc@5  62.50 ( 77.21)
Epoch: [34][ 280/1307]  Time  1.127 ( 1.131)  Data  0.000 ( 0.050)  Loss 1.8745e+00 (1.8814e+00)  Acc@1  50.00 ( 42.22)  Acc@5  87.50 ( 77.18)
Epoch: [34][ 290/1307]  Time  1.127 ( 1.131)  Data  0.000 ( 0.050)  Loss 1.9878e+00 (1.8769e+00)  Acc@1  12.50 ( 42.05)  Acc@5 100.00 ( 77.45)
Epoch: [34][ 300/1307]  Time  1.091 ( 1.131)  Data  0.000 ( 0.050)  Loss 2.1115e+00 (1.8791e+00)  Acc@1  37.50 ( 41.94)  Acc@5  50.00 ( 77.45)
Epoch: [34][ 310/1307]  Time  1.129 ( 1.131)  Data  0.000 ( 0.050)  Loss 1.7890e+00 (1.8850e+00)  Acc@1  50.00 ( 41.92)  Acc@5  75.00 ( 77.29)
Epoch: [34][ 320/1307]  Time  1.142 ( 1.131)  Data  0.000 ( 0.050)  Loss 1.7465e+00 (1.8815e+00)  Acc@1  50.00 ( 41.98)  Acc@5  87.50 ( 77.53)
Epoch: [34][ 330/1307]  Time  1.139 ( 1.131)  Data  0.000 ( 0.050)  Loss 2.1892e+00 (1.8953e+00)  Acc@1  37.50 ( 41.84)  Acc@5  87.50 ( 77.11)
Epoch: [34][ 340/1307]  Time  1.131 ( 1.131)  Data  0.000 ( 0.050)  Loss 1.7457e+00 (1.8974e+00)  Acc@1  50.00 ( 41.86)  Acc@5 100.00 ( 77.16)
Epoch: [34][ 350/1307]  Time  1.130 ( 1.131)  Data  0.000 ( 0.050)  Loss 2.1048e+00 (1.8958e+00)  Acc@1  25.00 ( 41.99)  Acc@5  75.00 ( 77.28)
Epoch: [34][ 360/1307]  Time  1.130 ( 1.131)  Data  0.000 ( 0.049)  Loss 1.5720e+00 (1.8934e+00)  Acc@1  62.50 ( 42.14)  Acc@5 100.00 ( 77.18)
Epoch: [34][ 370/1307]  Time  1.162 ( 1.131)  Data  0.000 ( 0.049)  Loss 1.9866e+00 (1.8969e+00)  Acc@1  37.50 ( 42.05)  Acc@5  75.00 ( 76.99)
Epoch: [34][ 380/1307]  Time  1.134 ( 1.131)  Data  0.000 ( 0.049)  Loss 1.4641e+00 (1.8957e+00)  Acc@1  37.50 ( 42.03)  Acc@5 100.00 ( 76.94)
Epoch: [34][ 390/1307]  Time  1.131 ( 1.131)  Data  0.000 ( 0.049)  Loss 1.8246e+00 (1.8977e+00)  Acc@1  75.00 ( 42.01)  Acc@5  75.00 ( 76.95)
Epoch: [34][ 400/1307]  Time  1.133 ( 1.131)  Data  0.000 ( 0.049)  Loss 1.4599e+00 (1.8937e+00)  Acc@1  62.50 ( 42.27)  Acc@5  87.50 ( 77.00)
Epoch: [34][ 410/1307]  Time  1.129 ( 1.132)  Data  0.000 ( 0.049)  Loss 2.0688e+00 (1.8922e+00)  Acc@1  37.50 ( 42.27)  Acc@5  75.00 ( 77.10)
Epoch: [34][ 420/1307]  Time  1.136 ( 1.132)  Data  0.000 ( 0.049)  Loss 1.7497e+00 (1.8883e+00)  Acc@1  37.50 ( 42.46)  Acc@5  87.50 ( 77.26)
Epoch: [34][ 430/1307]  Time  1.128 ( 1.132)  Data  0.000 ( 0.049)  Loss 2.5321e+00 (1.8965e+00)  Acc@1  12.50 ( 42.31)  Acc@5  50.00 ( 76.97)
Epoch: [34][ 440/1307]  Time  1.134 ( 1.132)  Data  0.000 ( 0.049)  Loss 1.5540e+00 (1.8939e+00)  Acc@1  62.50 ( 42.52)  Acc@5  75.00 ( 77.01)
Epoch: [34][ 450/1307]  Time  1.088 ( 1.132)  Data  0.000 ( 0.049)  Loss 1.7423e+00 (1.8973e+00)  Acc@1  50.00 ( 42.29)  Acc@5  62.50 ( 77.02)
Epoch: [34][ 460/1307]  Time  1.129 ( 1.132)  Data  0.000 ( 0.049)  Loss 2.4038e+00 (1.9033e+00)  Acc@1  37.50 ( 42.11)  Acc@5  75.00 ( 76.90)
Epoch: [34][ 470/1307]  Time  1.133 ( 1.132)  Data  0.000 ( 0.049)  Loss 2.1904e+00 (1.9077e+00)  Acc@1  50.00 ( 42.01)  Acc@5  75.00 ( 76.83)
Epoch: [34][ 480/1307]  Time  1.143 ( 1.132)  Data  0.000 ( 0.049)  Loss 2.1301e+00 (1.9090e+00)  Acc@1  37.50 ( 42.05)  Acc@5  75.00 ( 76.85)
Epoch: [34][ 490/1307]  Time  1.130 ( 1.132)  Data  0.000 ( 0.049)  Loss 3.0248e+00 (1.9126e+00)  Acc@1  37.50 ( 41.85)  Acc@5  37.50 ( 76.81)
Epoch: [34][ 500/1307]  Time  1.135 ( 1.132)  Data  0.000 ( 0.049)  Loss 1.1094e+00 (1.9120e+00)  Acc@1  75.00 ( 41.94)  Acc@5 100.00 ( 76.77)
Epoch: [34][ 510/1307]  Time  1.134 ( 1.132)  Data  0.000 ( 0.049)  Loss 2.0309e+00 (1.9119e+00)  Acc@1  37.50 ( 41.93)  Acc@5  50.00 ( 76.71)
Epoch: [34][ 520/1307]  Time  1.155 ( 1.132)  Data  0.000 ( 0.049)  Loss 1.6739e+00 (1.9087e+00)  Acc@1  25.00 ( 41.99)  Acc@5  87.50 ( 76.82)
Epoch: [34][ 530/1307]  Time  1.129 ( 1.132)  Data  0.000 ( 0.049)  Loss 1.8418e+00 (1.9074e+00)  Acc@1  50.00 ( 42.00)  Acc@5  62.50 ( 76.81)
Epoch: [34][ 540/1307]  Time  1.137 ( 1.132)  Data  0.000 ( 0.049)  Loss 1.5142e+00 (1.9097e+00)  Acc@1  62.50 ( 41.94)  Acc@5  87.50 ( 76.83)
Epoch: [34][ 550/1307]  Time  1.126 ( 1.132)  Data  0.000 ( 0.049)  Loss 1.4349e+00 (1.9134e+00)  Acc@1  50.00 ( 41.83)  Acc@5  87.50 ( 76.70)
Epoch: [34][ 560/1307]  Time  1.131 ( 1.132)  Data  0.000 ( 0.049)  Loss 2.6958e+00 (1.9174e+00)  Acc@1  25.00 ( 41.64)  Acc@5  62.50 ( 76.52)
Epoch: [34][ 570/1307]  Time  1.134 ( 1.132)  Data  0.000 ( 0.049)  Loss 1.4348e+00 (1.9176e+00)  Acc@1  50.00 ( 41.53)  Acc@5  87.50 ( 76.58)
Epoch: [34][ 580/1307]  Time  1.125 ( 1.132)  Data  0.000 ( 0.049)  Loss 1.9567e+00 (1.9191e+00)  Acc@1  25.00 ( 41.44)  Acc@5  75.00 ( 76.44)
Epoch: [34][ 590/1307]  Time  1.139 ( 1.132)  Data  0.000 ( 0.049)  Loss 1.7869e+00 (1.9188e+00)  Acc@1  37.50 ( 41.43)  Acc@5  75.00 ( 76.42)
Epoch: [34][ 600/1307]  Time  1.087 ( 1.132)  Data  0.000 ( 0.049)  Loss 2.3011e+00 (1.9181e+00)  Acc@1  25.00 ( 41.45)  Acc@5  62.50 ( 76.46)
Epoch: [34][ 610/1307]  Time  1.133 ( 1.132)  Data  0.000 ( 0.049)  Loss 2.0651e+00 (1.9166e+00)  Acc@1  50.00 ( 41.49)  Acc@5  62.50 ( 76.53)
Epoch: [34][ 620/1307]  Time  1.138 ( 1.132)  Data  0.000 ( 0.049)  Loss 1.9413e+00 (1.9132e+00)  Acc@1  25.00 ( 41.57)  Acc@5  87.50 ( 76.61)
Epoch: [34][ 630/1307]  Time  1.133 ( 1.132)  Data  0.000 ( 0.049)  Loss 1.4629e+00 (1.9110e+00)  Acc@1  62.50 ( 41.68)  Acc@5  75.00 ( 76.74)
Epoch: [34][ 640/1307]  Time  1.129 ( 1.132)  Data  0.000 ( 0.049)  Loss 2.3453e+00 (1.9165e+00)  Acc@1  25.00 ( 41.50)  Acc@5  62.50 ( 76.60)
Epoch: [34][ 650/1307]  Time  1.133 ( 1.132)  Data  0.000 ( 0.049)  Loss 1.8442e+00 (1.9174e+00)  Acc@1  25.00 ( 41.47)  Acc@5  87.50 ( 76.57)
Epoch: [34][ 660/1307]  Time  1.138 ( 1.132)  Data  0.000 ( 0.049)  Loss 1.4895e+00 (1.9167e+00)  Acc@1  37.50 ( 41.38)  Acc@5  87.50 ( 76.59)
Epoch: [34][ 670/1307]  Time  1.154 ( 1.132)  Data  0.000 ( 0.049)  Loss 1.9287e+00 (1.9159e+00)  Acc@1  50.00 ( 41.37)  Acc@5  75.00 ( 76.58)
Epoch: [34][ 680/1307]  Time  1.138 ( 1.132)  Data  0.000 ( 0.049)  Loss 1.7570e+00 (1.9148e+00)  Acc@1  37.50 ( 41.37)  Acc@5 100.00 ( 76.65)
Epoch: [34][ 690/1307]  Time  1.135 ( 1.132)  Data  0.000 ( 0.049)  Loss 1.2240e+00 (1.9121e+00)  Acc@1  50.00 ( 41.44)  Acc@5  87.50 ( 76.74)
Epoch: [34][ 700/1307]  Time  1.127 ( 1.132)  Data  0.000 ( 0.049)  Loss 1.4860e+00 (1.9092e+00)  Acc@1  50.00 ( 41.55)  Acc@5 100.00 ( 76.93)
Epoch: [34][ 710/1307]  Time  1.135 ( 1.132)  Data  0.000 ( 0.049)  Loss 2.1955e+00 (1.9078e+00)  Acc@1  25.00 ( 41.53)  Acc@5  62.50 ( 76.95)
Epoch: [34][ 720/1307]  Time  1.134 ( 1.132)  Data  0.000 ( 0.049)  Loss 1.3309e+00 (1.9088e+00)  Acc@1  37.50 ( 41.44)  Acc@5 100.00 ( 76.91)
Epoch: [34][ 730/1307]  Time  1.131 ( 1.132)  Data  0.000 ( 0.049)  Loss 2.1230e+00 (1.9096e+00)  Acc@1  25.00 ( 41.50)  Acc@5  62.50 ( 76.88)
Epoch: [34][ 740/1307]  Time  1.141 ( 1.132)  Data  0.000 ( 0.049)  Loss 9.4709e-01 (1.9073e+00)  Acc@1  87.50 ( 41.62)  Acc@5 100.00 ( 76.94)
Epoch: [34][ 750/1307]  Time  1.106 ( 1.132)  Data  0.000 ( 0.049)  Loss 9.2846e-01 (1.9056e+00)  Acc@1  75.00 ( 41.66)  Acc@5 100.00 ( 76.98)
Epoch: [34][ 760/1307]  Time  1.137 ( 1.132)  Data  0.000 ( 0.049)  Loss 3.5108e+00 (1.9086e+00)  Acc@1  12.50 ( 41.59)  Acc@5  62.50 ( 76.91)
Epoch: [34][ 770/1307]  Time  1.273 ( 1.133)  Data  0.000 ( 0.049)  Loss 1.7165e+00 (1.9108e+00)  Acc@1  50.00 ( 41.59)  Acc@5  87.50 ( 76.85)
Epoch: [34][ 780/1307]  Time  1.249 ( 1.135)  Data  0.000 ( 0.049)  Loss 1.8195e+00 (1.9109e+00)  Acc@1  25.00 ( 41.61)  Acc@5  87.50 ( 76.84)
Epoch: [34][ 790/1307]  Time  1.137 ( 1.136)  Data  0.000 ( 0.049)  Loss 2.4952e+00 (1.9103e+00)  Acc@1  25.00 ( 41.56)  Acc@5  37.50 ( 76.80)
Epoch: [34][ 800/1307]  Time  1.132 ( 1.136)  Data  0.000 ( 0.049)  Loss 2.5714e+00 (1.9134e+00)  Acc@1  25.00 ( 41.40)  Acc@5  75.00 ( 76.78)
Epoch: [34][ 810/1307]  Time  1.136 ( 1.136)  Data  0.000 ( 0.049)  Loss 1.5881e+00 (1.9104e+00)  Acc@1  50.00 ( 41.49)  Acc@5  75.00 ( 76.86)
Epoch: [34][ 820/1307]  Time  1.159 ( 1.136)  Data  0.000 ( 0.049)  Loss 2.1690e+00 (1.9139e+00)  Acc@1  37.50 ( 41.32)  Acc@5  75.00 ( 76.87)
Epoch: [34][ 830/1307]  Time  1.134 ( 1.136)  Data  0.000 ( 0.049)  Loss 1.4974e+00 (1.9143e+00)  Acc@1  50.00 ( 41.32)  Acc@5 100.00 ( 76.88)
Epoch: [34][ 840/1307]  Time  1.176 ( 1.136)  Data  0.000 ( 0.049)  Loss 8.9388e-01 (1.9135e+00)  Acc@1  87.50 ( 41.38)  Acc@5  87.50 ( 76.86)
Epoch: [34][ 850/1307]  Time  1.142 ( 1.136)  Data  0.000 ( 0.049)  Loss 2.3962e+00 (1.9108e+00)  Acc@1  25.00 ( 41.48)  Acc@5  50.00 ( 76.87)
Epoch: [34][ 860/1307]  Time  1.128 ( 1.136)  Data  0.000 ( 0.049)  Loss 1.2244e+00 (1.9099e+00)  Acc@1  62.50 ( 41.55)  Acc@5 100.00 ( 76.84)
Epoch: [34][ 870/1307]  Time  1.131 ( 1.136)  Data  0.000 ( 0.049)  Loss 2.3752e+00 (1.9098e+00)  Acc@1  25.00 ( 41.58)  Acc@5  62.50 ( 76.84)
Epoch: [34][ 880/1307]  Time  1.143 ( 1.136)  Data  0.000 ( 0.049)  Loss 2.1904e+00 (1.9100e+00)  Acc@1  37.50 ( 41.53)  Acc@5  75.00 ( 76.82)
Epoch: [34][ 890/1307]  Time  1.134 ( 1.136)  Data  0.000 ( 0.049)  Loss 1.1036e+00 (1.9082e+00)  Acc@1  75.00 ( 41.58)  Acc@5  87.50 ( 76.91)
Epoch: [34][ 900/1307]  Time  1.109 ( 1.136)  Data  0.000 ( 0.049)  Loss 1.3554e+00 (1.9074e+00)  Acc@1  75.00 ( 41.59)  Acc@5  87.50 ( 76.90)
Epoch: [34][ 910/1307]  Time  1.146 ( 1.136)  Data  0.000 ( 0.049)  Loss 2.4493e+00 (1.9098e+00)  Acc@1  12.50 ( 41.49)  Acc@5  75.00 ( 76.85)
Epoch: [34][ 920/1307]  Time  1.138 ( 1.136)  Data  0.000 ( 0.049)  Loss 2.2452e+00 (1.9100e+00)  Acc@1  50.00 ( 41.49)  Acc@5  75.00 ( 76.87)
Epoch: [34][ 930/1307]  Time  1.128 ( 1.136)  Data  0.000 ( 0.049)  Loss 2.1667e+00 (1.9111e+00)  Acc@1  25.00 ( 41.46)  Acc@5  75.00 ( 76.85)
Epoch: [34][ 940/1307]  Time  1.135 ( 1.136)  Data  0.000 ( 0.049)  Loss 1.5107e+00 (1.9082e+00)  Acc@1  50.00 ( 41.54)  Acc@5  75.00 ( 76.93)
Epoch: [34][ 950/1307]  Time  1.127 ( 1.136)  Data  0.000 ( 0.049)  Loss 1.4201e+00 (1.9074e+00)  Acc@1  50.00 ( 41.57)  Acc@5  87.50 ( 76.96)
Epoch: [34][ 960/1307]  Time  1.128 ( 1.136)  Data  0.000 ( 0.049)  Loss 2.0392e+00 (1.9094e+00)  Acc@1  25.00 ( 41.55)  Acc@5  62.50 ( 76.91)
Epoch: [34][ 970/1307]  Time  1.140 ( 1.136)  Data  0.000 ( 0.049)  Loss 2.1749e+00 (1.9095e+00)  Acc@1  37.50 ( 41.54)  Acc@5  75.00 ( 76.85)
Epoch: [34][ 980/1307]  Time  1.132 ( 1.136)  Data  0.000 ( 0.049)  Loss 1.8101e+00 (1.9095e+00)  Acc@1  50.00 ( 41.55)  Acc@5  62.50 ( 76.82)
Epoch: [34][ 990/1307]  Time  1.172 ( 1.136)  Data  0.000 ( 0.049)  Loss 1.3958e+00 (1.9073e+00)  Acc@1  50.00 ( 41.60)  Acc@5  87.50 ( 76.84)
Epoch: [34][1000/1307]  Time  1.140 ( 1.136)  Data  0.000 ( 0.049)  Loss 9.3397e-01 (1.9071e+00)  Acc@1  87.50 ( 41.65)  Acc@5 100.00 ( 76.80)
Epoch: [34][1010/1307]  Time  1.132 ( 1.136)  Data  0.000 ( 0.049)  Loss 2.0307e+00 (1.9076e+00)  Acc@1  37.50 ( 41.64)  Acc@5  75.00 ( 76.79)
Epoch: [34][1020/1307]  Time  1.139 ( 1.136)  Data  0.000 ( 0.049)  Loss 1.7801e+00 (1.9097e+00)  Acc@1  37.50 ( 41.60)  Acc@5  87.50 ( 76.78)
Epoch: [34][1030/1307]  Time  1.134 ( 1.136)  Data  0.000 ( 0.049)  Loss 2.0323e+00 (1.9096e+00)  Acc@1  25.00 ( 41.59)  Acc@5  62.50 ( 76.76)
Epoch: [34][1040/1307]  Time  1.132 ( 1.136)  Data  0.000 ( 0.049)  Loss 1.8627e+00 (1.9109e+00)  Acc@1  62.50 ( 41.59)  Acc@5  87.50 ( 76.74)
Epoch: [34][1050/1307]  Time  1.114 ( 1.136)  Data  0.000 ( 0.049)  Loss 1.4498e+00 (1.9117e+00)  Acc@1  62.50 ( 41.53)  Acc@5 100.00 ( 76.74)
Epoch: [34][1060/1307]  Time  1.142 ( 1.136)  Data  0.000 ( 0.049)  Loss 2.2132e+00 (1.9131e+00)  Acc@1  50.00 ( 41.48)  Acc@5  62.50 ( 76.68)
Epoch: [34][1070/1307]  Time  1.086 ( 1.136)  Data  0.000 ( 0.049)  Loss 2.3324e+00 (1.9134e+00)  Acc@1  25.00 ( 41.48)  Acc@5  75.00 ( 76.67)
Epoch: [34][1080/1307]  Time  1.129 ( 1.135)  Data  0.000 ( 0.049)  Loss 2.2002e+00 (1.9137e+00)  Acc@1  37.50 ( 41.42)  Acc@5  62.50 ( 76.65)
Epoch: [34][1090/1307]  Time  1.136 ( 1.135)  Data  0.000 ( 0.049)  Loss 2.1483e+00 (1.9152e+00)  Acc@1  25.00 ( 41.36)  Acc@5  75.00 ( 76.60)
Epoch: [34][1100/1307]  Time  1.129 ( 1.135)  Data  0.000 ( 0.049)  Loss 3.0505e+00 (1.9167e+00)  Acc@1  25.00 ( 41.34)  Acc@5  62.50 ( 76.58)
Epoch: [34][1110/1307]  Time  1.134 ( 1.135)  Data  0.000 ( 0.049)  Loss 2.4285e+00 (1.9159e+00)  Acc@1  25.00 ( 41.36)  Acc@5  62.50 ( 76.59)
Epoch: [34][1120/1307]  Time  1.132 ( 1.135)  Data  0.000 ( 0.049)  Loss 1.1498e+00 (1.9159e+00)  Acc@1  62.50 ( 41.38)  Acc@5  87.50 ( 76.62)
Epoch: [34][1130/1307]  Time  1.132 ( 1.135)  Data  0.000 ( 0.049)  Loss 2.7724e+00 (1.9160e+00)  Acc@1  37.50 ( 41.42)  Acc@5  75.00 ( 76.67)
Epoch: [34][1140/1307]  Time  1.156 ( 1.135)  Data  0.000 ( 0.049)  Loss 1.6809e+00 (1.9144e+00)  Acc@1  37.50 ( 41.47)  Acc@5  75.00 ( 76.70)
Epoch: [34][1150/1307]  Time  1.134 ( 1.135)  Data  0.000 ( 0.049)  Loss 2.0778e+00 (1.9156e+00)  Acc@1  25.00 ( 41.41)  Acc@5  62.50 ( 76.67)
Epoch: [34][1160/1307]  Time  1.134 ( 1.135)  Data  0.000 ( 0.049)  Loss 2.3974e+00 (1.9165e+00)  Acc@1  25.00 ( 41.33)  Acc@5  75.00 ( 76.67)
Epoch: [34][1170/1307]  Time  1.141 ( 1.135)  Data  0.000 ( 0.049)  Loss 1.7224e+00 (1.9150e+00)  Acc@1  62.50 ( 41.43)  Acc@5  87.50 ( 76.71)
Epoch: [34][1180/1307]  Time  1.128 ( 1.135)  Data  0.000 ( 0.049)  Loss 2.3729e+00 (1.9163e+00)  Acc@1  25.00 ( 41.34)  Acc@5  37.50 ( 76.67)
Epoch: [34][1190/1307]  Time  1.138 ( 1.135)  Data  0.000 ( 0.049)  Loss 1.5863e+00 (1.9164e+00)  Acc@1  62.50 ( 41.36)  Acc@5  75.00 ( 76.69)
Epoch: [34][1200/1307]  Time  1.135 ( 1.135)  Data  0.000 ( 0.049)  Loss 1.7194e+00 (1.9170e+00)  Acc@1  62.50 ( 41.38)  Acc@5 100.00 ( 76.69)
Epoch: [34][1210/1307]  Time  1.132 ( 1.135)  Data  0.000 ( 0.049)  Loss 1.4688e+00 (1.9160e+00)  Acc@1  50.00 ( 41.40)  Acc@5 100.00 ( 76.75)
Epoch: [34][1220/1307]  Time  1.096 ( 1.135)  Data  0.000 ( 0.049)  Loss 1.6903e+00 (1.9157e+00)  Acc@1  75.00 ( 41.42)  Acc@5  75.00 ( 76.75)
Epoch: [34][1230/1307]  Time  1.134 ( 1.135)  Data  0.000 ( 0.049)  Loss 1.3449e+00 (1.9148e+00)  Acc@1  62.50 ( 41.50)  Acc@5  75.00 ( 76.73)
Epoch: [34][1240/1307]  Time  1.129 ( 1.135)  Data  0.000 ( 0.049)  Loss 1.6901e+00 (1.9160e+00)  Acc@1  37.50 ( 41.47)  Acc@5  87.50 ( 76.71)
Epoch: [34][1250/1307]  Time  1.123 ( 1.135)  Data  0.000 ( 0.049)  Loss 1.1373e+00 (1.9158e+00)  Acc@1  62.50 ( 41.48)  Acc@5  87.50 ( 76.73)
Epoch: [34][1260/1307]  Time  1.130 ( 1.135)  Data  0.000 ( 0.049)  Loss 2.3433e+00 (1.9157e+00)  Acc@1  12.50 ( 41.46)  Acc@5  87.50 ( 76.75)
Epoch: [34][1270/1307]  Time  1.135 ( 1.135)  Data  0.000 ( 0.049)  Loss 1.3567e+00 (1.9150e+00)  Acc@1  50.00 ( 41.47)  Acc@5 100.00 ( 76.77)
Epoch: [34][1280/1307]  Time  1.139 ( 1.135)  Data  0.000 ( 0.049)  Loss 2.0382e+00 (1.9150e+00)  Acc@1  37.50 ( 41.46)  Acc@5  87.50 ( 76.80)
Epoch: [34][1290/1307]  Time  1.153 ( 1.135)  Data  0.000 ( 0.049)  Loss 2.2437e+00 (1.9161e+00)  Acc@1  25.00 ( 41.43)  Acc@5  50.00 ( 76.71)
Epoch: [34][1300/1307]  Time  1.135 ( 1.135)  Data  0.000 ( 0.049)  Loss 1.8859e+00 (1.9142e+00)  Acc@1  37.50 ( 41.48)  Acc@5 100.00 ( 76.78)
Epoch: [34] completed, elapsed time 1483.308 seconds
Test: [  0/142]  Time  0.774 ( 0.774)  Loss 2.8859e+00 (2.8859e+00)  Acc@1  12.50 ( 12.50)  Acc@5  37.50 ( 37.50)
Test: [ 10/142]  Time  0.335 ( 0.380)  Loss 1.5266e+00 (1.6266e+00)  Acc@1  50.00 ( 52.27)  Acc@5 100.00 ( 85.23)
Test: [ 20/142]  Time  0.334 ( 0.361)  Loss 2.4749e+00 (1.6757e+00)  Acc@1  50.00 ( 51.19)  Acc@5  50.00 ( 85.12)
Test: [ 30/142]  Time  0.347 ( 0.354)  Loss 2.2046e+00 (1.8238e+00)  Acc@1  25.00 ( 47.18)  Acc@5  75.00 ( 81.05)
Test: [ 40/142]  Time  0.334 ( 0.350)  Loss 2.1766e+00 (1.9379e+00)  Acc@1  12.50 ( 40.85)  Acc@5 100.00 ( 80.18)
Test: [ 50/142]  Time  0.336 ( 0.348)  Loss 1.0079e+00 (1.7610e+00)  Acc@1  75.00 ( 47.30)  Acc@5  87.50 ( 81.13)
Test: [ 60/142]  Time  0.345 ( 0.346)  Loss 4.2895e-01 (1.6562e+00)  Acc@1  87.50 ( 50.61)  Acc@5 100.00 ( 82.58)
Test: [ 70/142]  Time  0.342 ( 0.345)  Loss 1.3090e+00 (1.7902e+00)  Acc@1  75.00 ( 46.83)  Acc@5  75.00 ( 79.05)
Test: [ 80/142]  Time  0.338 ( 0.344)  Loss 4.5993e+00 (1.8174e+00)  Acc@1   0.00 ( 47.38)  Acc@5   0.00 ( 77.93)
Test: [ 90/142]  Time  0.332 ( 0.344)  Loss 2.5442e+00 (1.9018e+00)  Acc@1  25.00 ( 44.37)  Acc@5  62.50 ( 76.37)
Test: [100/142]  Time  0.337 ( 0.343)  Loss 2.2309e+00 (1.9412e+00)  Acc@1   0.00 ( 44.18)  Acc@5  87.50 ( 77.10)
Test: [110/142]  Time  0.340 ( 0.343)  Loss 2.9020e+00 (1.9381e+00)  Acc@1   0.00 ( 43.81)  Acc@5  75.00 ( 78.15)
Test: [120/142]  Time  0.337 ( 0.343)  Loss 2.5365e+00 (1.9704e+00)  Acc@1   0.00 ( 42.56)  Acc@5  62.50 ( 77.48)
Test: [130/142]  Time  0.346 ( 0.342)  Loss 2.6117e+00 (2.0086e+00)  Acc@1   0.00 ( 40.46)  Acc@5  75.00 ( 76.81)
Test: [140/142]  Time  0.323 ( 0.342)  Loss 2.1173e+00 (1.9862e+00)  Acc@1   0.00 ( 40.16)  Acc@5 100.00 ( 77.75)
 * Acc@1 40.176 Acc@5 77.797
saved checkpoint to:  models/plants/checkpoint.pth.tar